c:\users\v_trgtang\desktop\impalgmt\impalgmt\x64\debug\vc142.pdb
c:\users\v_trgtang\desktop\impalgmt\impalgmt\x64\debug\vc142.idb
c:\users\v_trgtang\desktop\impalgmt\impalgmt\x64\debug\mainwidget.obj
c:\users\v_trgtang\desktop\impalgmt\impalgmt\x64\debug\render.obj
c:\users\v_trgtang\desktop\impalgmt\impalgmt\x64\debug\impalgmt.obj
c:\users\v_trgtang\desktop\impalgmt\impalgmt\x64\debug\imgui_widgets.obj
c:\users\v_trgtang\desktop\impalgmt\impalgmt\x64\debug\imgui_theme.obj
c:\users\v_trgtang\desktop\impalgmt\impalgmt\x64\debug\imgui_text_editor.obj
c:\users\v_trgtang\desktop\impalgmt\impalgmt\x64\debug\imgui_tables.obj
c:\users\v_trgtang\desktop\impalgmt\impalgmt\x64\debug\imgui_impl_win32.obj
c:\users\v_trgtang\desktop\impalgmt\impalgmt\x64\debug\imgui_impl_dx11.obj
c:\users\v_trgtang\desktop\impalgmt\impalgmt\x64\debug\imgui_draw.obj
c:\users\v_trgtang\desktop\impalgmt\impalgmt\x64\debug\imgui_demo.obj
c:\users\v_trgtang\desktop\impalgmt\impalgmt\x64\debug\imgui.obj
c:\users\v_trgtang\desktop\impalgmt\impalgmt\x64\debug\draw.obj
c:\users\v_trgtang\desktop\impalgmt\impalgmt\x64\debug\nav_elements.obj
c:\users\v_trgtang\desktop\impalgmt\impalgmt\x64\debug\imgui_impl_dx9.obj
c:\users\v_trgtang\desktop\impalgmt\impalgmt\x64\debug\etc_elements.obj
c:\users\v_trgtang\desktop\impalgmt\x64\debug\impalgmt.exe
c:\users\v_trgtang\desktop\impalgmt\impalgmt\x64\debug\impalgmt.ilk
c:\users\v_trgtang\desktop\impalgmt\x64\debug\impalgmt.pdb
c:\users\v_trgtang\desktop\impalgmt\impalgmt\x64\debug\impalgmt.res
c:\users\v_trgtang\desktop\impalgmt\impalgmt\x64\debug\impalgmt.tlog\cl.command.1.tlog
c:\users\v_trgtang\desktop\impalgmt\impalgmt\x64\debug\impalgmt.tlog\cl.read.1.tlog
c:\users\v_trgtang\desktop\impalgmt\impalgmt\x64\debug\impalgmt.tlog\cl.write.1.tlog
c:\users\v_trgtang\desktop\impalgmt\impalgmt\x64\debug\impalgmt.tlog\link.command.1.tlog
c:\users\v_trgtang\desktop\impalgmt\impalgmt\x64\debug\impalgmt.tlog\link.read.1.tlog
c:\users\v_trgtang\desktop\impalgmt\impalgmt\x64\debug\impalgmt.tlog\link.write.1.tlog
c:\users\v_trgtang\desktop\impalgmt\impalgmt\x64\debug\impalgmt.tlog\rc.command.1.tlog
c:\users\v_trgtang\desktop\impalgmt\impalgmt\x64\debug\impalgmt.tlog\rc.read.1.tlog
c:\users\v_trgtang\desktop\impalgmt\impalgmt\x64\debug\impalgmt.tlog\rc.write.1.tlog
