  render.cpp
C:\Program Files (x86)\Microsoft DirectX SDK (June 2010)\Include\dxgitype.h(12,1): warning C4005: “DXGI_STATUS_OCCLUDED”: 宏重定义
C:\Program Files (x86)\Windows Kits\10\Include\10.0.22621.0\shared\winerror.h(58064): message : 参见“DXGI_STATUS_OCCLUDED”的前一个定义
C:\Program Files (x86)\Microsoft DirectX SDK (June 2010)\Include\dxgitype.h(13,1): warning C4005: “DXGI_STATUS_CLIPPED”: 宏重定义
C:\Program Files (x86)\Windows Kits\10\Include\10.0.22621.0\shared\winerror.h(58073): message : 参见“DXGI_STATUS_CLIPPED”的前一个定义
C:\Program Files (x86)\Microsoft DirectX SDK (June 2010)\Include\dxgitype.h(14,1): warning C4005: “DXGI_STATUS_NO_REDIRECTION”: 宏重定义
C:\Program Files (x86)\Windows Kits\10\Include\10.0.22621.0\shared\winerror.h(58082): message : 参见“DXGI_STATUS_NO_REDIRECTION”的前一个定义
C:\Program Files (x86)\Microsoft DirectX SDK (June 2010)\Include\dxgitype.h(15,1): warning C4005: “DXGI_STATUS_NO_DESKTOP_ACCESS”: 宏重定义
C:\Program Files (x86)\Windows Kits\10\Include\10.0.22621.0\shared\winerror.h(58091): message : 参见“DXGI_STATUS_NO_DESKTOP_ACCESS”的前一个定义
C:\Program Files (x86)\Microsoft DirectX SDK (June 2010)\Include\dxgitype.h(16,1): warning C4005: “DXGI_STATUS_GRAPHICS_VIDPN_SOURCE_IN_USE”: 宏重定义
C:\Program Files (x86)\Windows Kits\10\Include\10.0.22621.0\shared\winerror.h(58100): message : 参见“DXGI_STATUS_GRAPHICS_VIDPN_SOURCE_IN_USE”的前一个定义
C:\Program Files (x86)\Microsoft DirectX SDK (June 2010)\Include\dxgitype.h(17,1): warning C4005: “DXGI_STATUS_MODE_CHANGED”: 宏重定义
C:\Program Files (x86)\Windows Kits\10\Include\10.0.22621.0\shared\winerror.h(58109): message : 参见“DXGI_STATUS_MODE_CHANGED”的前一个定义
C:\Program Files (x86)\Microsoft DirectX SDK (June 2010)\Include\dxgitype.h(18,1): warning C4005: “DXGI_STATUS_MODE_CHANGE_IN_PROGRESS”: 宏重定义
C:\Program Files (x86)\Windows Kits\10\Include\10.0.22621.0\shared\winerror.h(58118): message : 参见“DXGI_STATUS_MODE_CHANGE_IN_PROGRESS”的前一个定义
C:\Program Files (x86)\Microsoft DirectX SDK (June 2010)\Include\dxgitype.h(21,1): warning C4005: “DXGI_ERROR_INVALID_CALL”: 宏重定义
C:\Program Files (x86)\Windows Kits\10\Include\10.0.22621.0\shared\winerror.h(58133): message : 参见“DXGI_ERROR_INVALID_CALL”的前一个定义
C:\Program Files (x86)\Microsoft DirectX SDK (June 2010)\Include\dxgitype.h(22,1): warning C4005: “DXGI_ERROR_NOT_FOUND”: 宏重定义
C:\Program Files (x86)\Windows Kits\10\Include\10.0.22621.0\shared\winerror.h(58142): message : 参见“DXGI_ERROR_NOT_FOUND”的前一个定义
C:\Program Files (x86)\Microsoft DirectX SDK (June 2010)\Include\dxgitype.h(23,1): warning C4005: “DXGI_ERROR_MORE_DATA”: 宏重定义
C:\Program Files (x86)\Windows Kits\10\Include\10.0.22621.0\shared\winerror.h(58151): message : 参见“DXGI_ERROR_MORE_DATA”的前一个定义
C:\Program Files (x86)\Microsoft DirectX SDK (June 2010)\Include\dxgitype.h(24,1): warning C4005: “DXGI_ERROR_UNSUPPORTED”: 宏重定义
C:\Program Files (x86)\Windows Kits\10\Include\10.0.22621.0\shared\winerror.h(58160): message : 参见“DXGI_ERROR_UNSUPPORTED”的前一个定义
C:\Program Files (x86)\Microsoft DirectX SDK (June 2010)\Include\dxgitype.h(25,1): warning C4005: “DXGI_ERROR_DEVICE_REMOVED”: 宏重定义
C:\Program Files (x86)\Windows Kits\10\Include\10.0.22621.0\shared\winerror.h(58169): message : 参见“DXGI_ERROR_DEVICE_REMOVED”的前一个定义
C:\Program Files (x86)\Microsoft DirectX SDK (June 2010)\Include\dxgitype.h(26,1): warning C4005: “DXGI_ERROR_DEVICE_HUNG”: 宏重定义
C:\Program Files (x86)\Windows Kits\10\Include\10.0.22621.0\shared\winerror.h(58178): message : 参见“DXGI_ERROR_DEVICE_HUNG”的前一个定义
C:\Program Files (x86)\Microsoft DirectX SDK (June 2010)\Include\dxgitype.h(27,1): warning C4005: “DXGI_ERROR_DEVICE_RESET”: 宏重定义
C:\Program Files (x86)\Windows Kits\10\Include\10.0.22621.0\shared\winerror.h(58188): message : 参见“DXGI_ERROR_DEVICE_RESET”的前一个定义
C:\Program Files (x86)\Microsoft DirectX SDK (June 2010)\Include\dxgitype.h(28,1): warning C4005: “DXGI_ERROR_WAS_STILL_DRAWING”: 宏重定义
C:\Program Files (x86)\Windows Kits\10\Include\10.0.22621.0\shared\winerror.h(58197): message : 参见“DXGI_ERROR_WAS_STILL_DRAWING”的前一个定义
C:\Program Files (x86)\Microsoft DirectX SDK (June 2010)\Include\dxgitype.h(29,1): warning C4005: “DXGI_ERROR_FRAME_STATISTICS_DISJOINT”: 宏重定义
C:\Program Files (x86)\Windows Kits\10\Include\10.0.22621.0\shared\winerror.h(58207): message : 参见“DXGI_ERROR_FRAME_STATISTICS_DISJOINT”的前一个定义
C:\Program Files (x86)\Microsoft DirectX SDK (June 2010)\Include\dxgitype.h(30,1): warning C4005: “DXGI_ERROR_GRAPHICS_VIDPN_SOURCE_IN_USE”: 宏重定义
C:\Program Files (x86)\Windows Kits\10\Include\10.0.22621.0\shared\winerror.h(58216): message : 参见“DXGI_ERROR_GRAPHICS_VIDPN_SOURCE_IN_USE”的前一个定义
C:\Program Files (x86)\Microsoft DirectX SDK (June 2010)\Include\dxgitype.h(31,1): warning C4005: “DXGI_ERROR_DRIVER_INTERNAL_ERROR”: 宏重定义
C:\Program Files (x86)\Windows Kits\10\Include\10.0.22621.0\shared\winerror.h(58226): message : 参见“DXGI_ERROR_DRIVER_INTERNAL_ERROR”的前一个定义
C:\Program Files (x86)\Microsoft DirectX SDK (June 2010)\Include\dxgitype.h(32,1): warning C4005: “DXGI_ERROR_NONEXCLUSIVE”: 宏重定义
C:\Program Files (x86)\Windows Kits\10\Include\10.0.22621.0\shared\winerror.h(58235): message : 参见“DXGI_ERROR_NONEXCLUSIVE”的前一个定义
C:\Program Files (x86)\Microsoft DirectX SDK (June 2010)\Include\dxgitype.h(33,1): warning C4005: “DXGI_ERROR_NOT_CURRENTLY_AVAILABLE”: 宏重定义
C:\Program Files (x86)\Windows Kits\10\Include\10.0.22621.0\shared\winerror.h(58244): message : 参见“DXGI_ERROR_NOT_CURRENTLY_AVAILABLE”的前一个定义
C:\Program Files (x86)\Microsoft DirectX SDK (June 2010)\Include\dxgitype.h(34,1): warning C4005: “DXGI_ERROR_REMOTE_CLIENT_DISCONNECTED”: 宏重定义
C:\Program Files (x86)\Windows Kits\10\Include\10.0.22621.0\shared\winerror.h(58254): message : 参见“DXGI_ERROR_REMOTE_CLIENT_DISCONNECTED”的前一个定义
C:\Program Files (x86)\Microsoft DirectX SDK (June 2010)\Include\dxgitype.h(35,1): warning C4005: “DXGI_ERROR_REMOTE_OUTOFMEMORY”: 宏重定义
C:\Program Files (x86)\Windows Kits\10\Include\10.0.22621.0\shared\winerror.h(58263): message : 参见“DXGI_ERROR_REMOTE_OUTOFMEMORY”的前一个定义
C:\Program Files (x86)\Microsoft DirectX SDK (June 2010)\Include\d3d11.h(917,1): warning C4005: “D3D11_ERROR_TOO_MANY_UNIQUE_STATE_OBJECTS”: 宏重定义
C:\Program Files (x86)\Windows Kits\10\Include\10.0.22621.0\shared\winerror.h(58569): message : 参见“D3D11_ERROR_TOO_MANY_UNIQUE_STATE_OBJECTS”的前一个定义
C:\Program Files (x86)\Microsoft DirectX SDK (June 2010)\Include\d3d11.h(918,1): warning C4005: “D3D11_ERROR_FILE_NOT_FOUND”: 宏重定义
C:\Program Files (x86)\Windows Kits\10\Include\10.0.22621.0\shared\winerror.h(58578): message : 参见“D3D11_ERROR_FILE_NOT_FOUND”的前一个定义
C:\Program Files (x86)\Microsoft DirectX SDK (June 2010)\Include\d3d11.h(919,1): warning C4005: “D3D11_ERROR_TOO_MANY_UNIQUE_VIEW_OBJECTS”: 宏重定义
C:\Program Files (x86)\Windows Kits\10\Include\10.0.22621.0\shared\winerror.h(58588): message : 参见“D3D11_ERROR_TOO_MANY_UNIQUE_VIEW_OBJECTS”的前一个定义
C:\Program Files (x86)\Microsoft DirectX SDK (June 2010)\Include\d3d11.h(920,1): warning C4005: “D3D11_ERROR_DEFERRED_CONTEXT_MAP_WITHOUT_INITIAL_DISCARD”: 宏重定义
C:\Program Files (x86)\Windows Kits\10\Include\10.0.22621.0\shared\winerror.h(58597): message : 参见“D3D11_ERROR_DEFERRED_CONTEXT_MAP_WITHOUT_INITIAL_DISCARD”的前一个定义
C:\Program Files (x86)\Microsoft DirectX SDK (June 2010)\Include\d3d10.h(608,1): warning C4005: “D3D10_ERROR_TOO_MANY_UNIQUE_STATE_OBJECTS”: 宏重定义
C:\Program Files (x86)\Windows Kits\10\Include\10.0.22621.0\shared\winerror.h(58545): message : 参见“D3D10_ERROR_TOO_MANY_UNIQUE_STATE_OBJECTS”的前一个定义
C:\Program Files (x86)\Microsoft DirectX SDK (June 2010)\Include\d3d10.h(609,1): warning C4005: “D3D10_ERROR_FILE_NOT_FOUND”: 宏重定义
C:\Program Files (x86)\Windows Kits\10\Include\10.0.22621.0\shared\winerror.h(58554): message : 参见“D3D10_ERROR_FILE_NOT_FOUND”的前一个定义
C:\Users\v_trgtang\Desktop\ImPalGmt\ImPalGmt\render\render.cpp(204,30): warning C4244: “参数”: 从“uint32_t”转换到“float”，可能丢失数据
C:\Users\v_trgtang\Desktop\ImPalGmt\ImPalGmt\render\render.cpp(204,16): warning C4244: “参数”: 从“uint32_t”转换到“float”，可能丢失数据
C:\Users\v_trgtang\Desktop\ImPalGmt\ImPalGmt\render\render.cpp(229,39): warning C4267: “参数”: 从“size_t”转换到“int”，可能丢失数据
C:\Users\v_trgtang\Desktop\ImPalGmt\ImPalGmt\render\render.cpp(260,39): warning C4267: “参数”: 从“size_t”转换到“int”，可能丢失数据
C:\Users\v_trgtang\Desktop\ImPalGmt\ImPalGmt\render\render.cpp(225): warning C4715: “render::CreatGui”: 不是所有的控件路径都返回值
  ImPalGmt.vcxproj -> C:\Users\v_trgtang\Desktop\ImPalGmt\build\ImPalGmt.exe
